2019-04-11 18:28:39.611 T:3011134048  NOTICE: -----------------------------------------------------------------------
2019-04-11 18:28:39.611 T:3011134048  NOTICE: Starting Kodi (18.9 (18.9.0) Git:leia_pi4_18.9-Leia). Platform: Linux ARM 32-bit
2019-04-11 18:28:39.611 T:3011134048  NOTICE: Using Release Kodi x32 build
2019-04-11 18:28:39.611 T:3011134048  NOTICE: Kodi compiled 2020-10-24 by GCC 8.3.0 for Linux ARM 32-bit version 4.19.127 (267135)
2019-04-11 18:28:39.611 T:3011134048  NOTICE: Running on LibreELEC (official): 9.2.6, kernel: Linux ARM 32-bit version 4.19.127
2019-04-11 18:28:39.611 T:3011134048  NOTICE: FFmpeg version/source: 4.0.4-Kodi
2019-04-11 18:28:39.611 T:3011134048  NOTICE: Host CPU: ARMv7 Processor rev 3 (v7l), 4 cores available
2019-04-11 18:28:39.611 T:3011134048  NOTICE: ARM Features: Neon enabled
2019-04-11 18:28:39.611 T:3011134048  NOTICE: special://xbmc/ is mapped to: /usr/share/kodi/
2019-04-11 18:28:39.611 T:3011134048  NOTICE: special://xbmcbin/ is mapped to: /usr/lib/kodi
2019-04-11 18:28:39.611 T:3011134048  NOTICE: special://xbmcbinaddons/ is mapped to: /usr/lib/kodi/addons
2019-04-11 18:28:39.611 T:3011134048  NOTICE: special://masterprofile/ is mapped to: /storage/.kodi/userdata
2019-04-11 18:28:39.611 T:3011134048  NOTICE: special://envhome/ is mapped to: /storage
2019-04-11 18:28:39.611 T:3011134048  NOTICE: special://home/ is mapped to: /storage/.kodi
2019-04-11 18:28:39.612 T:3011134048  NOTICE: special://temp/ is mapped to: /storage/.kodi/temp
2019-04-11 18:28:39.612 T:3011134048  NOTICE: special://logpath/ is mapped to: /storage/.kodi/temp
2019-04-11 18:28:39.612 T:3011134048  NOTICE: The executable running is: /usr/lib/kodi/kodi.bin
2019-04-11 18:28:39.612 T:3011134048  NOTICE: Local hostname: MediaCentar1
2019-04-11 18:28:39.612 T:3011134048  NOTICE: Log File is located: /storage/.kodi/temp/kodi.log
2019-04-11 18:28:39.612 T:3011134048  NOTICE: -----------------------------------------------------------------------
2019-04-11 18:28:39.621 T:3011134048    INFO: loading settings
2019-04-11 18:28:39.623 T:3011134048  NOTICE: special://profile/ is mapped to: special://masterprofile/
2019-04-11 18:28:39.643 T:3011134048   DEBUG: CSkinSettings: no <skinsettings> tag found
2019-04-11 18:28:39.643 T:3011134048  NOTICE: Loaded settings file from special://xbmc/system/advancedsettings.xml
2019-04-11 18:28:39.643 T:3011134048  NOTICE: Contents of special://xbmc/system/advancedsettings.xml are...
                                            <?xml version="1.0" encoding="utf-8" ?>
                                            <advancedsettings>
                                              <cputempcommand>/usr/bin/cputemp</cputempcommand>
                                              <gputempcommand>/usr/bin/gputemp</gputempcommand>
                                              <showexitbutton>false</showexitbutton>
                                              <remotedelay>1</remotedelay>
                                              <samba>
                                                <clienttimeout>30</clienttimeout>
                                              </samba>
                                              <fanartres>720</fanartres>
                                              <imageres>540</imageres>
                                            </advancedsettings>
2019-04-11 18:28:39.643 T:3011134048 WARNING: CSettingsManager: missing version attribute
2019-04-11 18:28:39.644 T:3011134048  NOTICE: No settings file to load (special://masterprofile/advancedsettings.xml)
2019-04-11 18:28:39.644 T:3011134048  NOTICE: Default Video Player: VideoPlayer
2019-04-11 18:28:39.644 T:3011134048  NOTICE: Default Audio Player: paplayer
2019-04-11 18:28:39.644 T:3011134048  NOTICE: Disabled debug logging due to GUI setting. Level 0.
2019-04-11 18:28:39.644 T:3011134048  NOTICE: Log level changed to "LOG_LEVEL_NORMAL"
2019-04-11 18:28:39.644 T:3011134048  NOTICE: CMediaSourceSettings: loading media sources from special://masterprofile/sources.xml
2019-04-11 18:28:39.824 T:3011134048  NOTICE: PulseAudio: Server found running - will try to use Pulse
2019-04-11 18:28:39.899 T:3011134048  NOTICE: Running database version Addons27
2019-04-11 18:28:40.125 T:3011134048  NOTICE: ADDON: audioencoder.kodi.builtin.aac v1.0.0 installed
2019-04-11 18:28:40.125 T:3011134048  NOTICE: ADDON: audioencoder.kodi.builtin.wma v1.0.0 installed
2019-04-11 18:28:40.125 T:3011134048  NOTICE: ADDON: context.skinshortcuts.addtomenu v1.0.0 installed
2019-04-11 18:28:40.125 T:3011134048  NOTICE: ADDON: driver.dvb.crazycat v9.2.0.0 installed
2019-04-11 18:28:40.125 T:3011134048  NOTICE: ADDON: driver.dvb.dvb-latest v9.2.0.0 installed
2019-04-11 18:28:40.125 T:3011134048  NOTICE: ADDON: game.controller.default v1.0.8 installed
2019-04-11 18:28:40.125 T:3011134048  NOTICE: ADDON: game.controller.snes v1.0.8 installed
2019-04-11 18:28:40.125 T:3011134048  NOTICE: ADDON: kodi.binary.global.audioengine v1.0.1 installed
2019-04-11 18:28:40.125 T:3011134048  NOTICE: ADDON: kodi.binary.global.filesystem v1.0.2 installed
2019-04-11 18:28:40.125 T:3011134048  NOTICE: ADDON: kodi.binary.global.general v1.0.3 installed
2019-04-11 18:28:40.125 T:3011134048  NOTICE: ADDON: kodi.binary.global.gui v5.12.0 installed
2019-04-11 18:28:40.125 T:3011134048  NOTICE: ADDON: kodi.binary.global.main v1.0.14 installed
2019-04-11 18:28:40.125 T:3011134048  NOTICE: ADDON: kodi.binary.global.network v1.0.0 installed
2019-04-11 18:28:40.125 T:3011134048  NOTICE: ADDON: kodi.binary.instance.audiodecoder v2.0.0 installed
2019-04-11 18:28:40.125 T:3011134048  NOTICE: ADDON: kodi.binary.instance.audioencoder v2.0.0 installed
2019-04-11 18:28:40.125 T:3011134048  NOTICE: ADDON: kodi.binary.instance.game v1.1.0 installed
2019-04-11 18:28:40.125 T:3011134048  NOTICE: ADDON: kodi.binary.instance.imagedecoder v2.0.0 installed
2019-04-11 18:28:40.125 T:3011134048  NOTICE: ADDON: kodi.binary.instance.inputstream v2.0.8 installed
2019-04-11 18:28:40.125 T:3011134048  NOTICE: ADDON: kodi.binary.instance.peripheral v1.3.7 installed
2019-04-11 18:28:40.125 T:3011134048  NOTICE: ADDON: kodi.binary.instance.pvr v5.10.3 installed
2019-04-11 18:28:40.125 T:3011134048  NOTICE: ADDON: kodi.binary.instance.screensaver v2.0.0 installed
2019-04-11 18:28:40.125 T:3011134048  NOTICE: ADDON: kodi.binary.instance.vfs v2.0.0 installed
2019-04-11 18:28:40.125 T:3011134048  NOTICE: ADDON: kodi.binary.instance.videocodec v1.0.1 installed
2019-04-11 18:28:40.125 T:3011134048  NOTICE: ADDON: kodi.binary.instance.visualization v2.0.1 installed
2019-04-11 18:28:40.125 T:3011134048  NOTICE: ADDON: kodi.resource v1.0.0 installed
2019-04-11 18:28:40.125 T:3011134048  NOTICE: ADDON: metadata.album.universal v3.1.4 installed
2019-04-11 18:28:40.125 T:3011134048  NOTICE: ADDON: metadata.artists.universal v4.3.3 installed
2019-04-11 18:28:40.125 T:3011134048  NOTICE: ADDON: metadata.common.allmusic.com v3.2.2 installed
2019-04-11 18:28:40.125 T:3011134048  NOTICE: ADDON: metadata.common.fanart.tv v3.6.3 installed
2019-04-11 18:28:40.126 T:3011134048  NOTICE: ADDON: metadata.common.imdb.com v3.1.6 installed
2019-04-11 18:28:40.126 T:3011134048  NOTICE: ADDON: metadata.common.musicbrainz.org v2.2.4 installed
2019-04-11 18:28:40.126 T:3011134048  NOTICE: ADDON: metadata.common.theaudiodb.com v2.0.3 installed
2019-04-11 18:28:40.126 T:3011134048  NOTICE: ADDON: metadata.common.themoviedb.org v3.2.14 installed
2019-04-11 18:28:40.126 T:3011134048  NOTICE: ADDON: metadata.local v1.0.0 installed
2019-04-11 18:28:40.126 T:3011134048  NOTICE: ADDON: metadata.themoviedb.org v5.2.6 installed
2019-04-11 18:28:40.126 T:3011134048  NOTICE: ADDON: metadata.tvshows.themoviedb.org v3.5.13 installed
2019-04-11 18:28:40.126 T:3011134048  NOTICE: ADDON: os.libreelec.tv v9.2 installed
2019-04-11 18:28:40.126 T:3011134048  NOTICE: ADDON: os.openelec.tv v9.2 installed
2019-04-11 18:28:40.126 T:3011134048  NOTICE: ADDON: peripheral.joystick v1.4.9 installed
2019-04-11 18:28:40.126 T:3011134048  NOTICE: ADDON: plugin.audio.tuneinradio v2.1.0 installed
2019-04-11 18:28:40.126 T:3011134048  NOTICE: ADDON: plugin.video.cumination v1.1.13 installed
2019-04-11 18:28:40.126 T:3011134048  NOTICE: ADDON: plugin.video.ipcams v0.0.3 installed
2019-04-11 18:28:40.126 T:3011134048  NOTICE: ADDON: plugin.video.southpark_unofficial v0.6.3 installed
2019-04-11 18:28:40.126 T:3011134048  NOTICE: ADDON: plugin.video.trovo v0.1.0 installed
2019-04-11 18:28:40.126 T:3011134048  NOTICE: ADDON: plugin.video.uwc v1.2.46 installed
2019-04-11 18:28:40.126 T:3011134048  NOTICE: ADDON: plugin.video.vimeo v5.2.0 installed
2019-04-11 18:28:40.126 T:3011134048  NOTICE: ADDON: plugin.video.youtube v6.8.10 installed
2019-04-11 18:28:40.126 T:3011134048  NOTICE: ADDON: repository.kodi.game v1.0.0 installed
2019-04-11 18:28:40.126 T:3011134048  NOTICE: ADDON: repository.libreelec.tv v9.2.0 installed
2019-04-11 18:28:40.126 T:3011134048  NOTICE: ADDON: repository.thecrew v0.3.4 installed
2019-04-11 18:28:40.126 T:3011134048  NOTICE: ADDON: repository.xbmc.org v3.1.6 installed
2019-04-11 18:28:40.126 T:3011134048  NOTICE: ADDON: repository.yt.testing_official v2.0.0 installed
2019-04-11 18:28:40.126 T:3011134048  NOTICE: ADDON: resource.images.weathericons.default v1.1.8 installed
2019-04-11 18:28:40.126 T:3011134048  NOTICE: ADDON: resource.language.en_gb v2.0.1 installed
2019-04-11 18:28:40.126 T:3011134048  NOTICE: ADDON: resource.uisounds.kodi v1.0.0 installed
2019-04-11 18:28:40.126 T:3011134048  NOTICE: ADDON: screensaver.digitalclock v5.1.1 installed
2019-04-11 18:28:40.126 T:3011134048  NOTICE: ADDON: screensaver.xbmc.builtin.black v1.0.33 installed
2019-04-11 18:28:40.126 T:3011134048  NOTICE: ADDON: screensaver.xbmc.builtin.dim v1.0.59 installed
2019-04-11 18:28:40.126 T:3011134048  NOTICE: ADDON: script.common.plugin.cache v2.6.1 installed
2019-04-11 18:28:40.126 T:3011134048  NOTICE: ADDON: script.module.arrow v0.15.5 installed
2019-04-11 18:28:40.126 T:3011134048  NOTICE: ADDON: script.module.backports.functools_lru_cache v1.6.1 installed
2019-04-11 18:28:40.126 T:3011134048  NOTICE: ADDON: script.module.backports.ssl_match_hostname v3.7.0.1 installed
2019-04-11 18:28:40.126 T:3011134048  NOTICE: ADDON: script.module.beautifulsoup v3.2.1 installed
2019-04-11 18:28:40.126 T:3011134048  NOTICE: ADDON: script.module.bottle v0.12.17 installed
2019-04-11 18:28:40.126 T:3011134048  NOTICE: ADDON: script.module.certifi v2019.9.11 installed
2019-04-11 18:28:40.126 T:3011134048  NOTICE: ADDON: script.module.chardet v3.0.4 installed
2019-04-11 18:28:40.126 T:3011134048  NOTICE: ADDON: script.module.dateutil v2.8.1 installed
2019-04-11 18:28:40.126 T:3011134048  NOTICE: ADDON: script.module.future v0.17.1 installed
2019-04-11 18:28:40.126 T:3011134048  NOTICE: ADDON: script.module.idna v2.8 installed
2019-04-11 18:28:40.126 T:3011134048  NOTICE: ADDON: script.module.kodi-six v0.1.3 installed
2019-04-11 18:28:40.126 T:3011134048  NOTICE: ADDON: script.module.lat2cyr v2.0.2 installed
2019-04-11 18:28:40.126 T:3011134048  NOTICE: ADDON: script.module.metadatautils v1.0.0 installed
2019-04-11 18:28:40.126 T:3011134048  NOTICE: ADDON: script.module.musicbrainz v0.6.0 installed
2019-04-11 18:28:40.126 T:3011134048  NOTICE: ADDON: script.module.pil v1.1.7 installed
2019-04-11 18:28:40.126 T:3011134048  NOTICE: ADDON: script.module.pycryptodome v3.4.3 installed
2019-04-11 18:28:40.126 T:3011134048  NOTICE: ADDON: script.module.requests v2.22.0 installed
2019-04-11 18:28:40.126 T:3011134048  NOTICE: ADDON: script.module.resolveurl v5.1.30 installed
2019-04-11 18:28:40.126 T:3011134048  NOTICE: ADDON: script.module.resolveurl.xxx v2.1.13 installed
2019-04-11 18:28:40.126 T:3011134048  NOTICE: ADDON: script.module.routing v0.2.3 installed
2019-04-11 18:28:40.126 T:3011134048  NOTICE: ADDON: script.module.simplecache v1.0.20 installed
2019-04-11 18:28:40.127 T:3011134048  NOTICE: ADDON: script.module.simplejson v3.16.1 installed
2019-04-11 18:28:40.127 T:3011134048  NOTICE: ADDON: script.module.six v1.15.0 installed
2019-04-11 18:28:40.127 T:3011134048  NOTICE: ADDON: script.module.thetvdb v1.0.12 installed
2019-04-11 18:28:40.127 T:3011134048  NOTICE: ADDON: script.module.unidecode v1.1.1 installed
2019-04-11 18:28:40.127 T:3011134048  NOTICE: ADDON: script.module.urllib3 v1.25.6 installed
2019-04-11 18:28:40.127 T:3011134048  NOTICE: ADDON: script.module.websocket v0.57.0 installed
2019-04-11 18:28:40.127 T:3011134048  NOTICE: ADDON: script.program.driverselect v0.1.6 installed
2019-04-11 18:28:40.127 T:3011134048  NOTICE: ADDON: script.skin.helper.colorpicker v1.0.13 installed
2019-04-11 18:28:40.127 T:3011134048  NOTICE: ADDON: script.skin.helper.service v1.1.3 installed
2019-04-11 18:28:40.127 T:3011134048  NOTICE: ADDON: script.skinshortcuts v1.0.17 installed
2019-04-11 18:28:40.127 T:3011134048  NOTICE: ADDON: script.tubecast v1.4.5 installed
2019-04-11 18:28:40.127 T:3011134048  NOTICE: ADDON: script.video.F4mProxy v2.8.8 installed
2019-04-11 18:28:40.127 T:3011134048  NOTICE: ADDON: service.autosubs v1.0.0 installed
2019-04-11 18:28:40.127 T:3011134048  NOTICE: ADDON: service.libreelec.settings v9.0.0 installed
2019-04-11 18:28:40.127 T:3011134048  NOTICE: ADDON: service.subtitles.opensubtitles v5.0.16 installed
2019-04-11 18:28:40.127 T:3011134048  NOTICE: ADDON: service.subtitles.podnapisi v5.4.2 installed
2019-04-11 18:28:40.127 T:3011134048  NOTICE: ADDON: service.subtitles.titlovi v1.1.2 installed
2019-04-11 18:28:40.127 T:3011134048  NOTICE: ADDON: service.upnext v1.1.5 installed
2019-04-11 18:28:40.127 T:3011134048  NOTICE: ADDON: skin.confluence v4.6.11 installed
2019-04-11 18:28:40.127 T:3011134048  NOTICE: ADDON: skin.estuary v2.0.27 installed
2019-04-11 18:28:40.127 T:3011134048  NOTICE: ADDON: visualization.fishbmc v5.1.3.1 installed
2019-04-11 18:28:40.127 T:3011134048  NOTICE: ADDON: visualization.goom v2.2.3.1 installed
2019-04-11 18:28:40.127 T:3011134048  NOTICE: ADDON: visualization.shadertoy v1.2.4.1 installed
2019-04-11 18:28:40.127 T:3011134048  NOTICE: ADDON: visualization.spectrum v3.0.4.1 installed
2019-04-11 18:28:40.127 T:3011134048  NOTICE: ADDON: visualization.starburst v2.0.3.1 installed
2019-04-11 18:28:40.127 T:3011134048  NOTICE: ADDON: visualization.waveform v3.1.2.1 installed
2019-04-11 18:28:40.127 T:3011134048  NOTICE: ADDON: weather.gismeteo v0.5.2 installed
2019-04-11 18:28:40.127 T:3011134048  NOTICE: ADDON: weather.openweathermap.extended v5.0.2 installed
2019-04-11 18:28:40.127 T:3011134048  NOTICE: ADDON: webinterface.default v18.x-2.4.6 installed
2019-04-11 18:28:40.127 T:3011134048  NOTICE: ADDON: xbmc.addon v18.9 installed
2019-04-11 18:28:40.127 T:3011134048  NOTICE: ADDON: xbmc.core v0.1.0 installed
2019-04-11 18:28:40.127 T:3011134048  NOTICE: ADDON: xbmc.gui v5.14.0 installed
2019-04-11 18:28:40.127 T:3011134048  NOTICE: ADDON: xbmc.json v10.3.0 installed
2019-04-11 18:28:40.127 T:3011134048  NOTICE: ADDON: xbmc.metadata v2.1.0 installed
2019-04-11 18:28:40.127 T:3011134048  NOTICE: ADDON: xbmc.python v2.26.0 installed
2019-04-11 18:28:40.127 T:3011134048  NOTICE: ADDON: xbmc.webinterface v1.0.0 installed
2019-04-11 18:28:40.164 T:3011134048   ERROR: DBus error: org.freedesktop.DBus.Error.ServiceUnknown - The name org.freedesktop.UPower was not provided by any .service files
2019-04-11 18:28:40.201 T:2990302064 WARNING: Pulseaudio module module-allow-passthrough not loaded - opening PT devices might fail
2019-04-11 18:28:40.202 T:2990302064  NOTICE: Found 3 Lists of Devices
2019-04-11 18:28:40.202 T:2990302064  NOTICE: Enumerated ALSA devices:
2019-04-11 18:28:40.202 T:2990302064  NOTICE:     Device 1
2019-04-11 18:28:40.202 T:2990302064  NOTICE:         m_deviceName      : @
2019-04-11 18:28:40.202 T:2990302064  NOTICE:         m_displayName     : Default (snd_rpi_hifiberry_digi HifiBerry Digi HiFi wm8804-spdif-0)
2019-04-11 18:28:40.202 T:2990302064  NOTICE:         m_displayNameExtra:
2019-04-11 18:28:40.202 T:2990302064  NOTICE:         m_deviceType      : AE_DEVTYPE_PCM
2019-04-11 18:28:40.202 T:2990302064  NOTICE:         m_channels        : FL, FR
2019-04-11 18:28:40.202 T:2990302064  NOTICE:         m_sampleRates     : 32000,44100,48000,64000,88200,96000,176400,192000
2019-04-11 18:28:40.202 T:2990302064  NOTICE:         m_dataFormats     : AE_FMT_S24NE4,AE_FMT_S16NE,AE_FMT_S16LE
2019-04-11 18:28:40.202 T:2990302064  NOTICE:         m_streamTypes     : No passthrough capabilities
2019-04-11 18:28:40.202 T:2990302064  NOTICE:     Device 2
2019-04-11 18:28:40.202 T:2990302064  NOTICE:         m_deviceName      : sysdefault:CARD=sndrpihifiberry
2019-04-11 18:28:40.202 T:2990302064  NOTICE:         m_displayName     : snd_rpi_hifiberry_digi
2019-04-11 18:28:40.202 T:2990302064  NOTICE:         m_displayNameExtra: HifiBerry Digi HiFi wm8804-spdif-0
2019-04-11 18:28:40.202 T:2990302064  NOTICE:         m_deviceType      : AE_DEVTYPE_PCM
2019-04-11 18:28:40.202 T:2990302064  NOTICE:         m_channels        : FL, FR
2019-04-11 18:28:40.202 T:2990302064  NOTICE:         m_sampleRates     : 32000,44100,48000,64000,88200,96000,176400,192000
2019-04-11 18:28:40.202 T:2990302064  NOTICE:         m_dataFormats     : AE_FMT_S24NE4,AE_FMT_S16NE,AE_FMT_S16LE
2019-04-11 18:28:40.202 T:2990302064  NOTICE:         m_streamTypes     : No passthrough capabilities
2019-04-11 18:28:40.202 T:2990302064  NOTICE:     Device 3
2019-04-11 18:28:40.202 T:2990302064  NOTICE:         m_deviceName      : iec958:CARD=sndrpihifiberry,DEV=0
2019-04-11 18:28:40.203 T:2990302064  NOTICE:         m_displayName     : snd_rpi_hifiberry_digi
2019-04-11 18:28:40.203 T:2990302064  NOTICE:         m_displayNameExtra: HifiBerry Digi HiFi wm8804-spdif-0 S/PDIF
2019-04-11 18:28:40.203 T:2990302064  NOTICE:         m_deviceType      : AE_DEVTYPE_IEC958
2019-04-11 18:28:40.203 T:2990302064  NOTICE:         m_channels        : FL, FR
2019-04-11 18:28:40.203 T:2990302064  NOTICE:         m_sampleRates     : 32000,44100,48000,64000,88200,96000,176400,192000
2019-04-11 18:28:40.203 T:2990302064  NOTICE:         m_dataFormats     : AE_FMT_RAW,AE_FMT_S24NE4,AE_FMT_S16NE,AE_FMT_S16LE
2019-04-11 18:28:40.203 T:2990302064  NOTICE:         m_streamTypes     : STREAM_TYPE_AC3,STREAM_TYPE_DTSHD_CORE,STREAM_TYPE_DTS_1024,STREAM_TYPE_DTS_2048,STREAM_TYPE_DTS_512
2019-04-11 18:28:40.203 T:2990302064  NOTICE: Enumerated PI devices:
2019-04-11 18:28:40.203 T:2990302064  NOTICE:     Device 1
2019-04-11 18:28:40.203 T:2990302064  NOTICE:         m_deviceName      : HDMI
2019-04-11 18:28:40.203 T:2990302064  NOTICE:         m_displayName     : HDMI
2019-04-11 18:28:40.203 T:2990302064  NOTICE:         m_displayNameExtra:
2019-04-11 18:28:40.203 T:2990302064  NOTICE:         m_deviceType      : AE_DEVTYPE_HDMI
2019-04-11 18:28:40.203 T:2990302064  NOTICE:         m_channels        : FL, FR
2019-04-11 18:28:40.203 T:2990302064  NOTICE:         m_sampleRates     : 8000,11025,16000,22050,24000,32000,44100,48000,88200,96000,176400,192000
2019-04-11 18:28:40.203 T:2990302064  NOTICE:         m_dataFormats     : AE_FMT_FLOAT,AE_FMT_S32NE,AE_FMT_S16NE,AE_FMT_S32LE,AE_FMT_S16LE,AE_FMT_FLOATP,AE_FMT_S32NEP,AE_FMT_S16NEP,AE_FMT_RAW
2019-04-11 18:28:40.203 T:2990302064  NOTICE:         m_streamTypes     : STREAM_TYPE_AC3,STREAM_TYPE_EAC3,STREAM_TYPE_DTSHD_CORE,STREAM_TYPE_DTS_2048,STREAM_TYPE_DTS_1024,STREAM_TYPE_DTS_512
2019-04-11 18:28:40.203 T:2990302064  NOTICE:     Device 2
2019-04-11 18:28:40.203 T:2990302064  NOTICE:         m_deviceName      : Analogue
2019-04-11 18:28:40.203 T:2990302064  NOTICE:         m_displayName     : Analogue
2019-04-11 18:28:40.203 T:2990302064  NOTICE:         m_displayNameExtra:
2019-04-11 18:28:40.203 T:2990302064  NOTICE:         m_deviceType      : AE_DEVTYPE_PCM
2019-04-11 18:28:40.203 T:2990302064  NOTICE:         m_channels        : FL, FR
2019-04-11 18:28:40.203 T:2990302064  NOTICE:         m_sampleRates     : 48000
2019-04-11 18:28:40.203 T:2990302064  NOTICE:         m_dataFormats     : AE_FMT_FLOAT,AE_FMT_S32LE,AE_FMT_S16LE,AE_FMT_FLOATP,AE_FMT_S32NEP,AE_FMT_S16NEP
2019-04-11 18:28:40.203 T:2990302064  NOTICE:         m_streamTypes     : No passthrough capabilities
2019-04-11 18:28:40.203 T:2990302064  NOTICE:     Device 3
2019-04-11 18:28:40.203 T:2990302064  NOTICE:         m_deviceName      : Both
2019-04-11 18:28:40.203 T:2990302064  NOTICE:         m_displayName     : HDMI and Analogue
2019-04-11 18:28:40.203 T:2990302064  NOTICE:         m_displayNameExtra:
2019-04-11 18:28:40.203 T:2990302064  NOTICE:         m_deviceType      : AE_DEVTYPE_PCM
2019-04-11 18:28:40.203 T:2990302064  NOTICE:         m_channels        : FL, FR
2019-04-11 18:28:40.203 T:2990302064  NOTICE:         m_sampleRates     : 48000
2019-04-11 18:28:40.203 T:2990302064  NOTICE:         m_dataFormats     : AE_FMT_FLOAT,AE_FMT_S32LE,AE_FMT_S16LE,AE_FMT_FLOATP,AE_FMT_S32NEP,AE_FMT_S16NEP
2019-04-11 18:28:40.203 T:2990302064  NOTICE:         m_streamTypes     : No passthrough capabilities
2019-04-11 18:28:40.203 T:2990302064  NOTICE: Enumerated PULSE devices:
2019-04-11 18:28:40.203 T:2990302064  NOTICE:     Device 1
2019-04-11 18:28:40.203 T:2990302064  NOTICE:         m_deviceName      : Default
2019-04-11 18:28:40.203 T:2990302064  NOTICE:         m_displayName     : Default
2019-04-11 18:28:40.203 T:2990302064  NOTICE:         m_displayNameExtra: Bluetooth Audio (PULSEAUDIO)
2019-04-11 18:28:40.203 T:2990302064  NOTICE:         m_deviceType      : AE_DEVTYPE_PCM
2019-04-11 18:28:40.203 T:2990302064  NOTICE:         m_channels        : FL, FR
2019-04-11 18:28:40.203 T:2990302064  NOTICE:         m_sampleRates     : 5512,8000,11025,16000,22050,32000,44100,48000,64000,88200,96000,176400,192000,384000
2019-04-11 18:28:40.203 T:2990302064  NOTICE:         m_dataFormats     : AE_FMT_U8,AE_FMT_S16NE,AE_FMT_S24NE3,AE_FMT_S24NE4,AE_FMT_S32NE,AE_FMT_FLOAT
2019-04-11 18:28:40.203 T:2990302064  NOTICE:         m_streamTypes     : No passthrough capabilities
2019-04-11 18:28:40.248 T:3011134048  NOTICE: Raspberry PI firmware version: Jun 26 2020 14:49:28 
                                            Copyright (c) 2012 Broadcom
                                            version b078012603a6a094178f959805996ad225a0d83b (clean) (release) (start_x)
2019-04-11 18:28:40.248 T:3011134048  NOTICE: ARM mem: 704MB GPU mem: 320MB MPG2:0 WVC1:0
2019-04-11 18:28:40.248 T:3011134048  NOTICE: Config:
                                            arm_freq=1750
                                            audio_pwm_mode=514
                                            config_hdmi_boost=5
                                            core_freq=500
                                            core_freq_min=200
                                            disable_commandline_tags=2
                                            disable_l2cache=1
                                            disable_overscan=1
                                            disable_splash=1
                                            display_hdmi_rotate=-1
                                            display_lcd_rotate=-1
                                            dtdebug=1
                                            enable_gic=1
                                            force_eeprom_read=1
                                            force_pwm_open=1
                                            force_turbo=1
                                            framebuffer_ignore_alpha=1
                                            framebuffer_swap=1
                                            gpu_freq=500
                                            gpu_freq_min=250
                                            init_uart_clock=0x2dc6c00
                                            lcd_framerate=60
                                            mask_gpu_interrupt0=1024
                                            mask_gpu_interrupt1=0x10000
                                            over_voltage=2
                                            over_voltage_avs=-36250
                                            pause_burst_frames=1
                                            program_serial_random=1
                                            second_boot=1
                                            total_mem=4096
                                            hdmi_force_cec_address:0=65535
                                            hdmi_force_cec_address:1=65535
                                            hdmi_force_hotplug:0=1
                                            hdmi_ignore_cec_init:0=1
                                            hdmi_pixel_freq_limit:0=0x11e1a300
                                            hdmi_pixel_freq_limit:1=0x11e1a300
2019-04-11 18:28:40.249 T:3011134048  NOTICE: Config:
                                            device_tree=-
                                            overlay_prefix=overlays/
                                            hdmi_cvt:0=
                                            hdmi_cvt:1=
                                            hdmi_edid_filename:0=
                                            hdmi_edid_filename:1=
                                            hdmi_timings:0=
                                            hdmi_timings:1=
2019-04-11 18:28:40.467 T:3011134048 WARNING: CDRMUtils::FindPlane - could not find plane
2019-04-11 18:28:40.577 T:3011134048  NOTICE: Found resolution 1280x720 with 1280x720 @ 60.000000 Hz
2019-04-11 18:28:40.577 T:3011134048  NOTICE: Found resolution 1280x720 with 1280x720 @ 59.940063 Hz
2019-04-11 18:28:40.577 T:3011134048  NOTICE: Found resolution 1280x720 with 1280x720 @ 50.000000 Hz
2019-04-11 18:28:40.577 T:3011134048  NOTICE: Found resolution 720x576 with 720x576 @ 50.000000 Hz
2019-04-11 18:28:40.577 T:3011134048  NOTICE: Found resolution 720x480 with 720x480 @ 59.940063 Hz
2019-04-11 18:28:40.577 T:3011134048  NOTICE: Found resolution 720x480 with 720x480 @ 60.000000 Hz
2019-04-11 18:28:40.577 T:3011134048  NOTICE: Found resolution 640x480 with 640x480 @ 60.000000 Hz
2019-04-11 18:28:40.579 T:3011134048  NOTICE: Previous line repeats 1 times.
2019-04-11 18:28:40.579 T:3011134048  NOTICE: EGL_VERSION = 1.4
2019-04-11 18:28:40.579 T:3011134048  NOTICE: EGL_VENDOR = Mesa Project
2019-04-11 18:28:40.579 T:3011134048  NOTICE: EGL_EXTENSIONS = EGL_EXT_buffer_age EGL_EXT_image_dma_buf_import EGL_EXT_image_dma_buf_import_modifiers EGL_KHR_cl_event2 EGL_KHR_config_attribs EGL_KHR_create_context EGL_KHR_create_context_no_error EGL_KHR_fence_sync EGL_KHR_get_all_proc_addresses EGL_KHR_gl_colorspace EGL_KHR_gl_renderbuffer_image EGL_KHR_gl_texture_2D_image EGL_KHR_gl_texture_3D_image EGL_KHR_gl_texture_cubemap_image EGL_KHR_image EGL_KHR_image_base EGL_KHR_image_pixmap EGL_KHR_no_config_context EGL_KHR_reusable_sync EGL_KHR_surfaceless_context EGL_EXT_pixel_format_float EGL_KHR_wait_sync EGL_MESA_configless_context EGL_MESA_drm_image EGL_MESA_image_dma_buf_export
2019-04-11 18:28:40.579 T:3011134048  NOTICE: EGL_CLIENT_EXTENSIONS = EGL_EXT_client_extensions EGL_EXT_device_base EGL_EXT_device_enumeration EGL_EXT_device_query EGL_EXT_platform_base EGL_KHR_client_get_all_proc_addresses EGL_KHR_debug EGL_MESA_platform_gbm
2019-04-11 18:28:40.582 T:3011134048  NOTICE: Checking resolution 16
2019-04-11 18:28:40.582 T:3011134048 WARNING: CGBMUtils::DestroySurface - surface already destroyed
2019-04-11 18:28:40.618 T:3011134048  NOTICE: GL_VENDOR = Broadcom
2019-04-11 18:28:40.618 T:3011134048  NOTICE: GL_RENDERER = V3D 4.2
2019-04-11 18:28:40.618 T:3011134048  NOTICE: GL_VERSION = OpenGL ES 3.0 Mesa 19.1.7
2019-04-11 18:28:40.618 T:3011134048  NOTICE: GL_SHADING_LANGUAGE_VERSION = OpenGL ES GLSL ES 3.00
2019-04-11 18:28:40.618 T:3011134048  NOTICE: GL_EXTENSIONS = GL_EXT_blend_minmax GL_EXT_multi_draw_arrays GL_EXT_texture_format_BGRA8888 GL_OES_compressed_ETC1_RGB8_texture GL_OES_depth24 GL_OES_element_index_uint GL_OES_fbo_render_mipmap GL_OES_mapbuffer GL_OES_rgb8_rgba8 GL_OES_standard_derivatives GL_OES_stencil8 GL_OES_texture_3D GL_OES_texture_float GL_OES_texture_half_float GL_OES_texture_half_float_linear GL_OES_texture_npot GL_OES_vertex_half_float GL_EXT_texture_sRGB_decode GL_OES_EGL_image GL_OES_depth_texture GL_OES_packed_depth_stencil GL_EXT_texture_type_2_10_10_10_REV GL_OES_get_program_binary GL_APPLE_texture_max_level GL_EXT_discard_framebuffer GL_EXT_read_format_bgra GL_EXT_frag_depth GL_NV_fbo_color_attachments GL_OES_EGL_image_external GL_OES_EGL_sync GL_OES_vertex_array_object GL_EXT_occlusion_query_boolean GL_EXT_texture_rg GL_EXT_unpack_subimage GL_NV_draw_buffers GL_NV_read_buffer GL_NV_read_depth GL_NV_read_depth_stencil GL_NV_read_stencil GL_EXT_draw_buffers GL_EXT_map_buffer_range GL_KHR_debug GL_KHR_texture_compression_astc_ldr GL_OES_depth_texture_cube_map GL_OES_required_internalformat GL_OES_surfaceless_context GL_EXT_color_buffer_float GL_EXT_sRGB_write_control GL_EXT_separate_shader_objects GL_EXT_shader_integer_mix GL_EXT_base_instance GL_EXT_compressed_ETC1_RGB8_sub_texture GL_EXT_draw_elements_base_vertex GL_EXT_texture_border_clamp GL_KHR_context_flush_control GL_OES_draw_elements_base_vertex GL_OES_texture_border_clamp GL_OES_texture_stencil8 GL_EXT_float_blend GL_KHR_no_error GL_KHR_texture_compression_astc_sliced_3d GL_OES_EGL_image_external_essl3 GL_MESA_shader_integer_functions GL_KHR_parallel_shader_compile GL_EXT_texture_query_lod
2019-04-11 18:28:42.022 T:3011134048 WARNING: Repository add-on repository.yt.testing_official uses plain HTTP for add-on downloads in path http://panicked.xyz/repository/youtube/python2/official_testing/zips - this is insecure and will make your Kodi installation vulnerable to attacks if enabled!
2019-04-11 18:28:42.144 T:2881561456  NOTICE: Running database version Addons27
2019-04-11 18:28:42.146 T:2881561456  NOTICE: Running database version ViewModes6
2019-04-11 18:28:42.515 T:2881561456  NOTICE: Running database version Textures13
2019-04-11 18:28:42.534 T:2881561456  NOTICE: Running database version MyMusic72
2019-04-11 18:28:43.116 T:2881561456  NOTICE: Running database version MyVideos116
2019-04-11 18:28:43.120 T:2881561456  NOTICE: Running database version TV32
2019-04-11 18:28:43.122 T:2881561456  NOTICE: Running database version Epg12
2019-04-11 18:28:43.130 T:3011134048  NOTICE: start dvd mediatype detection
2019-04-11 18:28:43.173 T:2881561456 WARNING: Repository add-on repository.yt.testing_official uses plain HTTP for add-on downloads in path http://panicked.xyz/repository/youtube/python2/official_testing/zips - this is insecure and will make your Kodi installation vulnerable to attacks if enabled!
2019-04-11 18:28:43.184 T:3011134048  NOTICE:   load skin from: /storage/.kodi/addons/skin.confluence (version: 4.6.11)
2019-04-11 18:28:43.583 T:3011134048 WARNING: JSONRPC: Could not parse type "Setting.Details.SettingList"
2019-04-11 18:28:43.626 T:3011134048  NOTICE: Register - new keyboard device registered on application->keyboard: Keyboard (0000:0000)
2019-04-11 18:28:43.627 T:3011134048  NOTICE: Register - new mouse device registered on application->mouse: Mouse (0000:0000)
2019-04-11 18:28:43.633 T:3011134048  NOTICE: Loading player core factory settings from special://xbmc/system/playercorefactory.xml.
2019-04-11 18:28:43.634 T:3011134048  NOTICE: Loaded playercorefactory configuration
2019-04-11 18:28:43.634 T:3011134048  NOTICE: Loading player core factory settings from special://masterprofile/playercorefactory.xml.
2019-04-11 18:28:43.634 T:3011134048  NOTICE: special://masterprofile/playercorefactory.xml does not exist. Skipping.
2019-04-11 18:28:43.646 T:3011134048 WARNING: Repository add-on repository.yt.testing_official uses plain HTTP for add-on downloads in path http://panicked.xyz/repository/youtube/python2/official_testing/zips - this is insecure and will make your Kodi installation vulnerable to attacks if enabled!
2019-04-11 18:28:43.666 T:3011134048 WARNING: Previous line repeats 1 times.
2019-04-11 18:28:43.666 T:3011134048  NOTICE: initialize done
2019-04-11 18:28:43.667 T:3011134048  NOTICE: Running the application...
2019-04-11 18:28:43.676 T:3011134048  NOTICE: starting zeroconf publishing
2019-04-11 18:28:43.677 T:3011134048  NOTICE: CWebServer[8080]: Started
2019-04-11 18:28:43.684 T:2724406128  NOTICE: ES: Starting UDP Event server on port 9777
2019-04-11 18:28:43.684 T:2724406128  NOTICE: UDP: Listening on port 9777 (ipv6 : true)
2019-04-11 18:28:43.902 T:2833511280  NOTICE: Register - new cec device registered on cec->RPI: CEC Adapter (2708:1001)
2019-04-11 18:28:46.375 T:2774762352  NOTICE: [service.upnext] UpNextMonitor -> Service started
2019-04-11 18:28:46.519 T:2572301168  NOTICE: Skin Helper Service --> WebService - start helper webservice on port 52307
2019-04-11 18:28:46.520 T:2783155056  NOTICE: Skin Helper Service --> Skin Helper Service version 1.1.3 started
2019-04-11 18:28:46.522 T:2757976944   ERROR: EXCEPTION Thrown (PythonToCppException) : -->Python callback/script returned the following error<--
                                             - NOTE: IGNORING THIS CAN LEAD TO MEMORY LEAKS!
                                            Error Type: <class 'socket.error'>
                                            Error Contents: [Errno 19] No such device
                                            Traceback (most recent call last):
                                              File "/storage/.kodi/addons/script.tubecast/main.py", line 7, in <module>
                                                service.run()
                                              File "/storage/.kodi/addons/script.tubecast/resources/lib/service.py", line 22, in run
                                                ssdp_server.start(chromecast_addr, interfaces=Kodicast.interfaces)
                                              File "/storage/.kodi/addons/script.tubecast/resources/lib/tubecast/ssdp.py", line 164, in start
                                                interfaces=interfaces)
                                              File "/storage/.kodi/addons/script.tubecast/resources/lib/tubecast/ssdp.py", line 63, in __init__
                                                self.handle_membership(socket.IP_ADD_MEMBERSHIP)
                                              File "/storage/.kodi/addons/script.tubecast/resources/lib/tubecast/ssdp.py", line 91, in handle_membership
                                                cmd, mreq)
                                              File "/usr/lib/python2.7/socket.py", line 228, in meth
                                            error: [Errno 19] No such device
                                            -->End of Python script error report<--
2019-04-11 18:28:47.083 T:2690835312   ERROR: weather.gismeteo [v.0.5.2]: HTTPSConnectionPool(host='services.gismeteo.net', port=443): Max retries exceeded with url: /inform-service/inf_chrome/forecast/?lang=en&city=3295 (Caused by NewConnectionError('<urllib3.connection.VerifiedHTTPSConnection object at 0xabf1aa30>: Failed to establish a new connection: [Errno -3] Temporary failure in name resolution',))
                                            Request info
                                            Method: GET
                                            URL: https://services.gismeteo.net/inform-service/inf_chrome/forecast/?lang=en&city=3295
                                            Headers: {'Connection': 'keep-alive', 'Accept-Encoding': 'gzip, deflate', 'Accept': '*/*', 'User-Agent': 'Kodi/18.9 (X11; Linux armv7l) LibreELEC/9.2 App_Bitness/32 Version/18.9-(18.9.0)-Git:leia_pi4_18.9-Leia'}
2019-04-11 18:28:47.207 T:2799940464   ERROR: ## LibreELEC Addon ## oe::load_url(http://releases.libreelec.tv/releases.json) ## ERROR: (URLError(gaierror(-3, 'Temporary failure in name resolution'),))
2019-04-11 18:28:47.207 T:2799940464   ERROR: Traceback (most recent call last):
                                              File "/home/jails/home/jenkins/LE/build2/workspace/RPi4/LibreELEC.tv/build.LibreELEC-RPi4.arm-9.2.6/LibreELEC-settings-42acf2613927fa93d9d8ec9aa1d3135d101db0e0/.install_pkg/usr/share/kodi/addons/service.libreelec.settings/oe.py", line 362, in load_url
                                              File "/usr/lib/python2.7/urllib2.py", line 154, in urlopen
                                              File "/usr/lib/python2.7/urllib2.py", line 429, in open
                                              File "/usr/lib/python2.7/urllib2.py", line 447, in _open
                                              File "/usr/lib/python2.7/urllib2.py", line 407, in _call_chain
                                              File "/usr/lib/python2.7/urllib2.py", line 1228, in http_open
                                              File "/usr/lib/python2.7/urllib2.py", line 1198, in do_open
                                            URLError: <urlopen error [Errno -3] Temporary failure in name resolution>
2021-05-09 23:29:25.544 T:2538730352 WARNING: Repository add-on repository.yt.testing_official uses plain HTTP for add-on downloads in path http://panicked.xyz/repository/youtube/python2/official_testing/zips - this is insecure and will make your Kodi installation vulnerable to attacks if enabled!
2021-05-09 23:29:49.175 T:3011134048 WARNING: Previous line repeats 4 times.
2021-05-09 23:29:49.175 T:3011134048  NOTICE: VideoPlayer::OpenFile: http://liveplay.trovo.live/live/73846_100369004_100369004.flv?bizid=73846&txSecret=33039ca5c2058664a8bb070bc0545fd1&txTime=60a189a0&_bmlj_t=ChxUZEs5U1RIcnlVNTNLMVJDL1BXSVVWQkVicjQ9EiRkMjM0ODA2Zi0zM2YwLTQ1ZjgtOTAyOC1lMDZhNmZkMmM3NjEaHjEwMDM2OTAwNF8xMDAzNjkwMDRfMTYyMDU5MzkzNiDKqOGEBjIZNzM4NDZfMTAwMzY5MDA0XzEwMDM2OTAwNEIMMTg1LjUwLjE1LjM3Sh1MaXZlUmVhZGVyU2VydmljZV9HZXRMaXZlSW5mb1AEYAM%3D
2021-05-09 23:29:49.422 T:2478781296  NOTICE: Creating InputStream
2021-05-09 23:29:49.931 T:2478781296  NOTICE: Creating Demuxer
2021-05-09 23:29:50.809 T:2478781296  NOTICE: Opening stream: 1 source: 256
2021-05-09 23:29:50.809 T:2478781296  NOTICE: Creating video codec with codec id: 27
2021-05-09 23:29:50.821 T:2478781296  NOTICE: Creating video thread
2021-05-09 23:29:50.822 T:2505773936  NOTICE: running thread: video_thread
2021-05-09 23:29:50.892 T:2478781296  NOTICE: Opening stream: 0 source: 256
2021-05-09 23:29:50.892 T:2478781296  NOTICE: Finding audio codec for: 86018
2021-05-09 23:29:50.894 T:2478781296  NOTICE: CDVDAudioCodecFFmpeg::Open() Successful opened audio decoder aac
2021-05-09 23:29:50.894 T:2478781296  NOTICE: Creating audio thread
2021-05-09 23:29:50.895 T:2497381232  NOTICE: running thread: CVideoPlayerAudio::Process()
2021-05-09 23:29:50.906 T:2497381232  NOTICE: Creating audio stream (codec id: 86018, channels: 2, sample rate: 48000, no pass-through)
2021-05-09 23:29:51.197 T:2478781296  NOTICE: CVideoPlayer::OnExit()
2021-05-09 23:29:51.197 T:2478781296  NOTICE: VideoPlayer: eof, waiting for queues to empty
2021-05-09 23:29:51.197 T:2478781296  NOTICE: Closing stream player 1
2021-05-09 23:29:51.197 T:2478781296  NOTICE: Waiting for audio thread to exit
2021-05-09 23:29:51.198 T:2497381232   ERROR: Got MSGQ_ABORT or MSGO_IS_ERROR return true
2021-05-09 23:29:51.198 T:2497381232  NOTICE: thread end: CVideoPlayerAudio::OnExit()
2021-05-09 23:29:51.198 T:2478781296  NOTICE: Closing audio device
2021-05-09 23:29:51.242 T:2478781296  NOTICE: Deleting audio codec
2021-05-09 23:29:51.243 T:2478781296  NOTICE: Closing stream player 2
2021-05-09 23:29:51.243 T:2478781296  NOTICE: waiting for video thread to exit
2021-05-09 23:29:51.244 T:2505773936  NOTICE: thread end: video_thread
2021-05-09 23:29:51.244 T:2478781296  NOTICE: deleting video codec
2021-05-09 23:29:51.292 T:3011134048  NOTICE: CVideoPlayer::CloseFile()
2021-05-09 23:29:51.328 T:3011134048  NOTICE: VideoPlayer: waiting for threads to exit
2021-05-09 23:29:51.328 T:3011134048  NOTICE: VideoPlayer: finished waiting
2021-05-09 23:29:51.328 T:3011134048  NOTICE: CVideoPlayer::CloseFile()
2021-05-09 23:29:51.328 T:3011134048  NOTICE: VideoPlayer: waiting for threads to exit
2021-05-09 23:29:51.328 T:3011134048  NOTICE: VideoPlayer: finished waiting
2021-05-09 23:29:52.815 T:3011134048  NOTICE: VideoPlayer::OpenFile:
2021-05-09 23:29:52.815 T:2442716016  NOTICE: Creating InputStream
2021-05-09 23:29:52.825 T:2442716016   ERROR: Error on dvdnav_open
2021-05-09 23:29:52.826 T:2442716016   ERROR: CVideoPlayer::OpenInputStream - error opening []
2021-05-09 23:29:52.826 T:2442716016  NOTICE: CVideoPlayer::OnExit()
2021-05-09 23:29:52.941 T:3011134048  NOTICE: CVideoPlayer::CloseFile()
2021-05-09 23:29:52.941 T:3011134048  NOTICE: VideoPlayer: waiting for threads to exit
2021-05-09 23:29:52.941 T:3011134048  NOTICE: VideoPlayer: finished waiting
2021-05-09 23:29:58.165 T:3011134048  NOTICE: VideoPlayer::OpenFile:
2021-05-09 23:29:58.165 T:2447025008  NOTICE: Creating InputStream
2021-05-09 23:29:58.173 T:2447025008   ERROR: Error on dvdnav_open
2021-05-09 23:29:58.173 T:2447025008   ERROR: CVideoPlayer::OpenInputStream - error opening []
2021-05-09 23:29:58.173 T:2447025008  NOTICE: CVideoPlayer::OnExit()
2021-05-09 23:29:58.291 T:3011134048  NOTICE: CVideoPlayer::CloseFile()
2021-05-09 23:29:58.291 T:3011134048  NOTICE: VideoPlayer: waiting for threads to exit
2021-05-09 23:29:58.291 T:3011134048  NOTICE: VideoPlayer: finished waiting
2021-05-09 23:29:59.958 T:3011134048  NOTICE: VideoPlayer::OpenFile: http://liveplay.trovo.live/live/73846_100369004_100369004.flv?bizid=73846&txSecret=33039ca5c2058664a8bb070bc0545fd1&txTime=60a189a0&_bmlj_t=ChxUZEs5U1RIcnlVNTNLMVJDL1BXSVVWQkVicjQ9EiRkMjM0ODA2Zi0zM2YwLTQ1ZjgtOTAyOC1lMDZhNmZkMmM3NjEaHjEwMDM2OTAwNF8xMDAzNjkwMDRfMTYyMDU5MzkzNiDKqOGEBjIZNzM4NDZfMTAwMzY5MDA0XzEwMDM2OTAwNEIMMTg1LjUwLjE1LjM3Sh1MaXZlUmVhZGVyU2VydmljZV9HZXRMaXZlSW5mb1AEYAM%3D
2021-05-09 23:30:00.187 T:2488988528  NOTICE: Creating InputStream
2021-05-09 23:30:00.642 T:2488988528  NOTICE: Creating Demuxer
2021-05-09 23:30:01.489 T:2488988528  NOTICE: Opening stream: 1 source: 256
2021-05-09 23:30:01.490 T:2488988528  NOTICE: Creating video codec with codec id: 27
2021-05-09 23:30:01.500 T:2488988528  NOTICE: Creating video thread
2021-05-09 23:30:01.500 T:2447025008  NOTICE: running thread: video_thread
2021-05-09 23:30:01.500 T:2488988528  NOTICE: Opening stream: 0 source: 256
2021-05-09 23:30:01.500 T:2488988528  NOTICE: Finding audio codec for: 86018
2021-05-09 23:30:01.502 T:2488988528  NOTICE: CDVDAudioCodecFFmpeg::Open() Successful opened audio decoder aac
2021-05-09 23:30:01.502 T:2488988528  NOTICE: Creating audio thread
2021-05-09 23:30:01.502 T:2480595824  NOTICE: running thread: CVideoPlayerAudio::Process()
2021-05-09 23:30:01.513 T:2480595824  NOTICE: Creating audio stream (codec id: 86018, channels: 2, sample rate: 48000, no pass-through)
2021-05-09 23:30:02.106 T:2447025008 WARNING: CRenderManager::WaitForBuffer - timeout waiting for buffer
2021-05-09 23:30:02.410 T:2488988528  NOTICE: CVideoPlayer::OnExit()
2021-05-09 23:30:02.410 T:2488988528  NOTICE: VideoPlayer: eof, waiting for queues to empty
2021-05-09 23:30:02.410 T:2488988528  NOTICE: Closing stream player 1
2021-05-09 23:30:02.410 T:2488988528  NOTICE: CDVDMessageQueue(audio)::WaitUntilEmpty
2021-05-09 23:30:02.410 T:2488988528  NOTICE: Waiting for audio thread to exit
2021-05-09 23:30:02.410 T:2480595824   ERROR: Got MSGQ_ABORT or MSGO_IS_ERROR return true
2021-05-09 23:30:02.410 T:2480595824  NOTICE: thread end: CVideoPlayerAudio::OnExit()
2021-05-09 23:30:02.410 T:2488988528  NOTICE: Closing audio device
2021-05-09 23:30:02.412 T:2488988528  NOTICE: Deleting audio codec
2021-05-09 23:30:02.412 T:2488988528  NOTICE: Closing stream player 2
2021-05-09 23:30:02.412 T:2488988528  NOTICE: CDVDMessageQueue(video)::WaitUntilEmpty
2021-05-09 23:30:02.474 T:2488988528  NOTICE: waiting for video thread to exit
2021-05-09 23:30:02.474 T:2447025008   ERROR: Got MSGQ_ABORT or MSGO_IS_ERROR return true
2021-05-09 23:30:02.474 T:2447025008  NOTICE: thread end: video_thread
2021-05-09 23:30:02.474 T:2488988528  NOTICE: deleting video codec
2021-05-09 23:30:02.524 T:3011134048  NOTICE: CVideoPlayer::CloseFile()
2021-05-09 23:30:02.560 T:3011134048  NOTICE: VideoPlayer: waiting for threads to exit
2021-05-09 23:30:02.560 T:3011134048  NOTICE: VideoPlayer: finished waiting
2021-05-09 23:30:02.560 T:3011134048  NOTICE: CVideoPlayer::CloseFile()
2021-05-09 23:30:02.560 T:3011134048  NOTICE: VideoPlayer: waiting for threads to exit
2021-05-09 23:30:02.560 T:3011134048  NOTICE: VideoPlayer: finished waiting
2021-05-09 23:30:02.577 T:3011134048   ERROR: Control 50 in window 10025 has been asked to focus, but it can't
2021-05-09 23:30:10.086 T:3011134048  NOTICE: VideoPlayer::OpenFile: http://liveplay.trovo.live/live/73846_100369004_100369004.flv?bizid=73846&txSecret=33039ca5c2058664a8bb070bc0545fd1&txTime=60a189a0&_bmlj_t=ChwwWWVvUGY3aGQ0OVU5Wm1TV2M3dEV6YnBSV3c9EiRhMWU4NDI0Mi04MDM5LTQ5ZmQtODMzYi01NTJlNzc4NmRjN2IaHjEwMDM2OTAwNF8xMDAzNjkwMDRfMTYyMDU5MzkzNiDfqOGEBjIZNzM4NDZfMTAwMzY5MDA0XzEwMDM2OTAwNEIMMTg1LjUwLjE1LjM3Sh1MaXZlUmVhZGVyU2VydmljZV9HZXRMaXZlSW5mb1AEYAM%3D
2021-05-09 23:30:10.254 T:2488988528  NOTICE: Creating InputStream
2021-05-09 23:30:10.648 T:2488988528  NOTICE: Creating Demuxer
2021-05-09 23:30:11.126 T:2488988528  NOTICE: Opening stream: 1 source: 256
2021-05-09 23:30:11.127 T:2488988528  NOTICE: Creating video codec with codec id: 27
2021-05-09 23:30:11.137 T:2488988528  NOTICE: Creating video thread
2021-05-09 23:30:11.137 T:2400871280  NOTICE: running thread: video_thread
2021-05-09 23:30:11.137 T:2488988528  NOTICE: Opening stream: 0 source: 256
2021-05-09 23:30:11.137 T:2488988528  NOTICE: Finding audio codec for: 86018
2021-05-09 23:30:11.139 T:2488988528  NOTICE: CDVDAudioCodecFFmpeg::Open() Successful opened audio decoder aac
2021-05-09 23:30:11.139 T:2488988528  NOTICE: Creating audio thread
2021-05-09 23:30:11.140 T:2455417712  NOTICE: running thread: CVideoPlayerAudio::Process()
2021-05-09 23:30:11.151 T:2455417712  NOTICE: Creating audio stream (codec id: 86018, channels: 2, sample rate: 48000, no pass-through)
2021-05-09 23:30:11.761 T:2400871280 WARNING: CRenderManager::WaitForBuffer - timeout waiting for buffer
2021-05-09 23:31:38.624 T:3011134048 WARNING: Previous line repeats 1307 times.
2021-05-09 23:31:38.624 T:3011134048  NOTICE: CVideoPlayer::CloseFile()
2021-05-09 23:31:38.651 T:2488988528  NOTICE: CVideoPlayer::OnExit()
2021-05-09 23:31:38.651 T:2488988528  NOTICE: Closing stream player 1
2021-05-09 23:31:38.651 T:2488988528  NOTICE: Waiting for audio thread to exit
2021-05-09 23:31:38.651 T:2455417712   ERROR: Got MSGQ_ABORT or MSGO_IS_ERROR return true
2021-05-09 23:31:38.651 T:2455417712  NOTICE: thread end: CVideoPlayerAudio::OnExit()
2021-05-09 23:31:38.651 T:2488988528  NOTICE: Closing audio device
2021-05-09 23:31:38.659 T:3011134048  NOTICE: VideoPlayer: waiting for threads to exit
2021-05-09 23:31:38.660 T:2400871280 WARNING: CRenderManager::WaitForBuffer - timeout waiting for buffer
2021-05-09 23:31:38.666 T:2488988528  NOTICE: Deleting audio codec
2021-05-09 23:31:38.666 T:2488988528  NOTICE: Closing stream player 2
2021-05-09 23:31:38.666 T:2488988528  NOTICE: waiting for video thread to exit
2021-05-09 23:31:38.666 T:2400871280   ERROR: Got MSGQ_ABORT or MSGO_IS_ERROR return true
2021-05-09 23:31:38.666 T:2400871280  NOTICE: thread end: video_thread
2021-05-09 23:31:38.666 T:2488988528  NOTICE: deleting video codec
2021-05-09 23:31:38.673 T:3011134048  NOTICE: VideoPlayer: finished waiting
2021-05-09 23:31:38.673 T:3011134048  NOTICE: CVideoPlayer::CloseFile()
2021-05-09 23:31:38.673 T:3011134048  NOTICE: VideoPlayer: waiting for threads to exit
2021-05-09 23:31:38.673 T:3011134048  NOTICE: VideoPlayer: finished waiting
2021-05-09 23:31:48.471 T:2438632304   ERROR: GetDirectory - Error getting plugin://plugin.video.trovo/open_settings?item_val=None
2021-05-09 23:31:48.473 T:3011134048   ERROR: CGUIMediaWindow::GetDirectory(plugin://plugin.video.trovo/open_settings?item_val=None) failed
2021-05-09 23:32:01.463 T:3011134048   ERROR: CCurlFile::Stat - Failed: HTTP response code said error(22) for http://vod.trovo.live/6ae21848vodger1301120758/c3a623265285890817662110156/playlist_eof.m3u8?t=6098a92f&us=Chx4MDNKRm9ScHpzeUlhRzVCeUtWckRRQ2tjUFk9EiQ3MjU2MzJkNi0xYTRlLTQzYTUtOWU1NS01ZDQ1Yzc4OTg4ZTYaImx0di0xMDAzNzk2NDNfMTAwMzc5NjQzXzE2MjA1MTY0MDMgz6nhhAY4iCdCDDE4NS41MC4xNS4zN0ooVm9kUmVhZGVyU2VydmljZV9HZXRDaGFubmVsTHR2VmlkZW9JbmZvc1AEYAM&sign=d726900b140ddc0c535298b758e4bb34
2021-05-09 23:32:01.482 T:3011134048  NOTICE: VideoPlayer::OpenFile: http://vod.trovo.live/6ae21848vodger1301120758/c3a623265285890817662110156/playlist_eof.m3u8?t=6098a92f&us=Chx4MDNKRm9ScHpzeUlhRzVCeUtWckRRQ2tjUFk9EiQ3MjU2MzJkNi0xYTRlLTQzYTUtOWU1NS01ZDQ1Yzc4OTg4ZTYaImx0di0xMDAzNzk2NDNfMTAwMzc5NjQzXzE2MjA1MTY0MDMgz6nhhAY4iCdCDDE4NS41MC4xNS4zN0ooVm9kUmVhZGVyU2VydmljZV9HZXRDaGFubmVsTHR2VmlkZW9JbmZvc1AEYAM&sign=d726900b140ddc0c535298b758e4bb34
2021-05-09 23:32:01.979 T:3011134048   ERROR: CCurlFile::Stat - Failed: HTTP response code said error(22) for http://vod.trovo.live/6ae21848vodger1301120758/c3a623265285890817662110156/playlist_eof.m3u8?t=6098a92f&us=Chx4MDNKRm9ScHpzeUlhRzVCeUtWckRRQ2tjUFk9EiQ3MjU2MzJkNi0xYTRlLTQzYTUtOWU1NS01ZDQ1Yzc4OTg4ZTYaImx0di0xMDAzNzk2NDNfMTAwMzc5NjQzXzE2MjA1MTY0MDMgz6nhhAY4iCdCDDE4NS41MC4xNS4zN0ooVm9kUmVhZGVyU2VydmljZV9HZXRDaGFubmVsTHR2VmlkZW9JbmZvc1AEYAM&sign=d726900b140ddc0c535298b758e4bb34
2021-05-09 23:32:01.981 T:2534404976  NOTICE: Creating InputStream
2021-05-09 23:32:02.096 T:2534404976   ERROR: CCurlFile::FillBuffer - Failed: HTTP returned error 403
2021-05-09 23:32:02.096 T:2534404976   ERROR: CCurlFile::Open failed with code 403 for http://vod.trovo.live/6ae21848vodger1301120758/c3a623265285890817662110156/playlist_eof.m3u8?t=6098a92f&us=Chx4MDNKRm9ScHpzeUlhRzVCeUtWckRRQ2tjUFk9EiQ3MjU2MzJkNi0xYTRlLTQzYTUtOWU1NS01ZDQ1Yzc4OTg4ZTYaImx0di0xMDAzNzk2NDNfMTAwMzc5NjQzXzE2MjA1MTY0MDMgz6nhhAY4iCdCDDE4NS41MC4xNS4zN0ooVm9kUmVhZGVyU2VydmljZV9HZXRDaGFubmVsTHR2VmlkZW9JbmZvc1AEYAM&sign=d726900b140ddc0c535298b758e4bb34:
2021-05-09 23:32:02.097 T:2534404976  NOTICE: Creating Demuxer
2021-05-09 23:32:02.345 T:2534404976   ERROR: OpenDemuxStream - Error creating demuxer
2021-05-09 23:32:02.345 T:2534404976  NOTICE: CVideoPlayer::OnExit()
2021-05-09 23:32:02.357 T:3011134048  NOTICE: CVideoPlayer::CloseFile()
2021-05-09 23:32:02.357 T:3011134048  NOTICE: VideoPlayer: waiting for threads to exit
2021-05-09 23:32:02.357 T:3011134048  NOTICE: VideoPlayer: finished waiting
2021-05-09 23:32:05.567 T:3011134048   ERROR: CCurlFile::Stat - Failed: HTTP response code said error(22) for http://vod.trovo.live/6ae21848vodger1301120758/899d888d5285890817661950008/playlist_eof.m3u8?t=6098a92f&us=ChxVWWdxQ1ZwZ3RhbFN4T2lWUTd1d0Rmam50ZWM9EiQyODFjODVmOS03Njg1LTQzYjMtYjgxYy0wODkwYzg3YjlmNGMaImx0di0xMDAzNzk2NDNfMTAwMzc5NjQzXzE2MjA0MDQxMjEgz6nhhAY4iCdCDDE4NS41MC4xNS4zN0ooVm9kUmVhZGVyU2VydmljZV9HZXRDaGFubmVsTHR2VmlkZW9JbmZvc1AEYAM&sign=80d6fd490dc80e801a547c4da4dfcf50
2021-05-09 23:32:05.585 T:3011134048  NOTICE: VideoPlayer::OpenFile: http://vod.trovo.live/6ae21848vodger1301120758/899d888d5285890817661950008/playlist_eof.m3u8?t=6098a92f&us=ChxVWWdxQ1ZwZ3RhbFN4T2lWUTd1d0Rmam50ZWM9EiQyODFjODVmOS03Njg1LTQzYjMtYjgxYy0wODkwYzg3YjlmNGMaImx0di0xMDAzNzk2NDNfMTAwMzc5NjQzXzE2MjA0MDQxMjEgz6nhhAY4iCdCDDE4NS41MC4xNS4zN0ooVm9kUmVhZGVyU2VydmljZV9HZXRDaGFubmVsTHR2VmlkZW9JbmZvc1AEYAM&sign=80d6fd490dc80e801a547c4da4dfcf50
2021-05-09 23:32:05.769 T:3011134048   ERROR: CCurlFile::Stat - Failed: HTTP response code said error(22) for http://vod.trovo.live/6ae21848vodger1301120758/899d888d5285890817661950008/playlist_eof.m3u8?t=6098a92f&us=ChxVWWdxQ1ZwZ3RhbFN4T2lWUTd1d0Rmam50ZWM9EiQyODFjODVmOS03Njg1LTQzYjMtYjgxYy0wODkwYzg3YjlmNGMaImx0di0xMDAzNzk2NDNfMTAwMzc5NjQzXzE2MjA0MDQxMjEgz6nhhAY4iCdCDDE4NS41MC4xNS4zN0ooVm9kUmVhZGVyU2VydmljZV9HZXRDaGFubmVsTHR2VmlkZW9JbmZvc1AEYAM&sign=80d6fd490dc80e801a547c4da4dfcf50
2021-05-09 23:32:05.773 T:2707620720  NOTICE: Creating InputStream
2021-05-09 23:32:05.834 T:2707620720   ERROR: CCurlFile::FillBuffer - Failed: HTTP returned error 403
2021-05-09 23:32:05.834 T:2707620720   ERROR: CCurlFile::Open failed with code 403 for http://vod.trovo.live/6ae21848vodger1301120758/899d888d5285890817661950008/playlist_eof.m3u8?t=6098a92f&us=ChxVWWdxQ1ZwZ3RhbFN4T2lWUTd1d0Rmam50ZWM9EiQyODFjODVmOS03Njg1LTQzYjMtYjgxYy0wODkwYzg3YjlmNGMaImx0di0xMDAzNzk2NDNfMTAwMzc5NjQzXzE2MjA0MDQxMjEgz6nhhAY4iCdCDDE4NS41MC4xNS4zN0ooVm9kUmVhZGVyU2VydmljZV9HZXRDaGFubmVsTHR2VmlkZW9JbmZvc1AEYAM&sign=80d6fd490dc80e801a547c4da4dfcf50:
2021-05-09 23:32:05.835 T:2707620720  NOTICE: Creating Demuxer
2021-05-09 23:32:05.969 T:2707620720   ERROR: OpenDemuxStream - Error creating demuxer
2021-05-09 23:32:05.969 T:2707620720  NOTICE: CVideoPlayer::OnExit()
2021-05-09 23:32:05.990 T:3011134048  NOTICE: CVideoPlayer::CloseFile()
2021-05-09 23:32:05.991 T:3011134048  NOTICE: VideoPlayer: waiting for threads to exit
2021-05-09 23:32:05.991 T:3011134048  NOTICE: VideoPlayer: finished waiting
2021-05-09 23:32:08.178 T:3011134048   ERROR: CCurlFile::Stat - Failed: HTTP response code said error(22) for http://vod.trovo.live/6ae21848vodger1301120758/875baffb5285890817661862785/playlist_eof.m3u8?t=6098a92f&us=ChxLVWw4SnYwNW5IelhJckFGMlptdTB5ZzVVTjQ9EiQ5ZmY5M2EzMy01YzhmLTQ3YzEtYmY5Ny1hNGY0ZWVlNDQyZjEaImx0di0xMDAzNzk2NDNfMTAwMzc5NjQzXzE2MjAzMjgyMjUgz6nhhAY4iCdCDDE4NS41MC4xNS4zN0ooVm9kUmVhZGVyU2VydmljZV9HZXRDaGFubmVsTHR2VmlkZW9JbmZvc1AEYAM&sign=a98ff297472db86768cf7da6e31b6447
2021-05-09 23:32:08.197 T:3011134048  NOTICE: VideoPlayer::OpenFile: http://vod.trovo.live/6ae21848vodger1301120758/875baffb5285890817661862785/playlist_eof.m3u8?t=6098a92f&us=ChxLVWw4SnYwNW5IelhJckFGMlptdTB5ZzVVTjQ9EiQ5ZmY5M2EzMy01YzhmLTQ3YzEtYmY5Ny1hNGY0ZWVlNDQyZjEaImx0di0xMDAzNzk2NDNfMTAwMzc5NjQzXzE2MjAzMjgyMjUgz6nhhAY4iCdCDDE4NS41MC4xNS4zN0ooVm9kUmVhZGVyU2VydmljZV9HZXRDaGFubmVsTHR2VmlkZW9JbmZvc1AEYAM&sign=a98ff297472db86768cf7da6e31b6447
2021-05-09 23:32:08.588 T:3011134048   ERROR: CCurlFile::Stat - Failed: HTTP response code said error(22) for http://vod.trovo.live/6ae21848vodger1301120758/875baffb5285890817661862785/playlist_eof.m3u8?t=6098a92f&us=ChxLVWw4SnYwNW5IelhJckFGMlptdTB5ZzVVTjQ9EiQ5ZmY5M2EzMy01YzhmLTQ3YzEtYmY5Ny1hNGY0ZWVlNDQyZjEaImx0di0xMDAzNzk2NDNfMTAwMzc5NjQzXzE2MjAzMjgyMjUgz6nhhAY4iCdCDDE4NS41MC4xNS4zN0ooVm9kUmVhZGVyU2VydmljZV9HZXRDaGFubmVsTHR2VmlkZW9JbmZvc1AEYAM&sign=a98ff297472db86768cf7da6e31b6447
2021-05-09 23:32:08.589 T:2433287024  NOTICE: Creating InputStream
2021-05-09 23:32:08.783 T:2433287024   ERROR: CCurlFile::FillBuffer - Failed: HTTP returned error 403
2021-05-09 23:32:08.783 T:2433287024   ERROR: CCurlFile::Open failed with code 403 for http://vod.trovo.live/6ae21848vodger1301120758/875baffb5285890817661862785/playlist_eof.m3u8?t=6098a92f&us=ChxLVWw4SnYwNW5IelhJckFGMlptdTB5ZzVVTjQ9EiQ5ZmY5M2EzMy01YzhmLTQ3YzEtYmY5Ny1hNGY0ZWVlNDQyZjEaImx0di0xMDAzNzk2NDNfMTAwMzc5NjQzXzE2MjAzMjgyMjUgz6nhhAY4iCdCDDE4NS41MC4xNS4zN0ooVm9kUmVhZGVyU2VydmljZV9HZXRDaGFubmVsTHR2VmlkZW9JbmZvc1AEYAM&sign=a98ff297472db86768cf7da6e31b6447:
2021-05-09 23:32:08.783 T:2433287024  NOTICE: Creating Demuxer
2021-05-09 23:32:08.953 T:2433287024   ERROR: OpenDemuxStream - Error creating demuxer
2021-05-09 23:32:08.953 T:2433287024  NOTICE: CVideoPlayer::OnExit()
2021-05-09 23:32:09.033 T:3011134048   ERROR: CCurlFile::Stat - Failed: HTTP response code said error(22) for http://vod.trovo.live/6ae21848vodger1301120758/875baffb5285890817661862785/playlist_eof.m3u8?t=6098a92f&us=ChxLVWw4SnYwNW5IelhJckFGMlptdTB5ZzVVTjQ9EiQ5ZmY5M2EzMy01YzhmLTQ3YzEtYmY5Ny1hNGY0ZWVlNDQyZjEaImx0di0xMDAzNzk2NDNfMTAwMzc5NjQzXzE2MjAzMjgyMjUgz6nhhAY4iCdCDDE4NS41MC4xNS4zN0ooVm9kUmVhZGVyU2VydmljZV9HZXRDaGFubmVsTHR2VmlkZW9JbmZvc1AEYAM&sign=a98ff297472db86768cf7da6e31b6447
2021-05-09 23:32:09.044 T:3011134048  NOTICE: VideoPlayer::OpenFile: http://vod.trovo.live/6ae21848vodger1301120758/875baffb5285890817661862785/playlist_eof.m3u8?t=6098a92f&us=ChxLVWw4SnYwNW5IelhJckFGMlptdTB5ZzVVTjQ9EiQ5ZmY5M2EzMy01YzhmLTQ3YzEtYmY5Ny1hNGY0ZWVlNDQyZjEaImx0di0xMDAzNzk2NDNfMTAwMzc5NjQzXzE2MjAzMjgyMjUgz6nhhAY4iCdCDDE4NS41MC4xNS4zN0ooVm9kUmVhZGVyU2VydmljZV9HZXRDaGFubmVsTHR2VmlkZW9JbmZvc1AEYAM&sign=a98ff297472db86768cf7da6e31b6447
2021-05-09 23:32:09.583 T:3011134048   ERROR: CCurlFile::Stat - Failed: HTTP response code said error(22) for http://vod.trovo.live/6ae21848vodger1301120758/875baffb5285890817661862785/playlist_eof.m3u8?t=6098a92f&us=ChxLVWw4SnYwNW5IelhJckFGMlptdTB5ZzVVTjQ9EiQ5ZmY5M2EzMy01YzhmLTQ3YzEtYmY5Ny1hNGY0ZWVlNDQyZjEaImx0di0xMDAzNzk2NDNfMTAwMzc5NjQzXzE2MjAzMjgyMjUgz6nhhAY4iCdCDDE4NS41MC4xNS4zN0ooVm9kUmVhZGVyU2VydmljZV9HZXRDaGFubmVsTHR2VmlkZW9JbmZvc1AEYAM&sign=a98ff297472db86768cf7da6e31b6447
2021-05-09 23:32:09.584 T:2433287024  NOTICE: Creating InputStream
2021-05-09 23:32:09.730 T:2433287024   ERROR: CCurlFile::FillBuffer - Failed: HTTP returned error 403
2021-05-09 23:32:09.730 T:2433287024   ERROR: CCurlFile::Open failed with code 403 for http://vod.trovo.live/6ae21848vodger1301120758/875baffb5285890817661862785/playlist_eof.m3u8?t=6098a92f&us=ChxLVWw4SnYwNW5IelhJckFGMlptdTB5ZzVVTjQ9EiQ5ZmY5M2EzMy01YzhmLTQ3YzEtYmY5Ny1hNGY0ZWVlNDQyZjEaImx0di0xMDAzNzk2NDNfMTAwMzc5NjQzXzE2MjAzMjgyMjUgz6nhhAY4iCdCDDE4NS41MC4xNS4zN0ooVm9kUmVhZGVyU2VydmljZV9HZXRDaGFubmVsTHR2VmlkZW9JbmZvc1AEYAM&sign=a98ff297472db86768cf7da6e31b6447:
2021-05-09 23:32:09.730 T:2433287024  NOTICE: Creating Demuxer
2021-05-09 23:32:09.958 T:3011134048   ERROR: CCurlFile::Stat - Failed: HTTP response code said error(22) for http://vod.trovo.live/6ae21848vodger1301120758/875baffb5285890817661862785/playlist_eof.m3u8?t=6098a92f&us=ChxLVWw4SnYwNW5IelhJckFGMlptdTB5ZzVVTjQ9EiQ5ZmY5M2EzMy01YzhmLTQ3YzEtYmY5Ny1hNGY0ZWVlNDQyZjEaImx0di0xMDAzNzk2NDNfMTAwMzc5NjQzXzE2MjAzMjgyMjUgz6nhhAY4iCdCDDE4NS41MC4xNS4zN0ooVm9kUmVhZGVyU2VydmljZV9HZXRDaGFubmVsTHR2VmlkZW9JbmZvc1AEYAM&sign=a98ff297472db86768cf7da6e31b6447
2021-05-09 23:32:09.969 T:3011134048  NOTICE: VideoPlayer::OpenFile: http://vod.trovo.live/6ae21848vodger1301120758/875baffb5285890817661862785/playlist_eof.m3u8?t=6098a92f&us=ChxLVWw4SnYwNW5IelhJckFGMlptdTB5ZzVVTjQ9EiQ5ZmY5M2EzMy01YzhmLTQ3YzEtYmY5Ny1hNGY0ZWVlNDQyZjEaImx0di0xMDAzNzk2NDNfMTAwMzc5NjQzXzE2MjAzMjgyMjUgz6nhhAY4iCdCDDE4NS41MC4xNS4zN0ooVm9kUmVhZGVyU2VydmljZV9HZXRDaGFubmVsTHR2VmlkZW9JbmZvc1AEYAM&sign=a98ff297472db86768cf7da6e31b6447
2021-05-09 23:32:09.978 T:2433287024   ERROR: OpenDemuxStream - Error creating demuxer
2021-05-09 23:32:09.978 T:2433287024  NOTICE: CVideoPlayer::OnExit()
2021-05-09 23:32:10.434 T:3011134048   ERROR: CCurlFile::Stat - Failed: HTTP response code said error(22) for http://vod.trovo.live/6ae21848vodger1301120758/875baffb5285890817661862785/playlist_eof.m3u8?t=6098a92f&us=ChxLVWw4SnYwNW5IelhJckFGMlptdTB5ZzVVTjQ9EiQ5ZmY5M2EzMy01YzhmLTQ3YzEtYmY5Ny1hNGY0ZWVlNDQyZjEaImx0di0xMDAzNzk2NDNfMTAwMzc5NjQzXzE2MjAzMjgyMjUgz6nhhAY4iCdCDDE4NS41MC4xNS4zN0ooVm9kUmVhZGVyU2VydmljZV9HZXRDaGFubmVsTHR2VmlkZW9JbmZvc1AEYAM&sign=a98ff297472db86768cf7da6e31b6447
2021-05-09 23:32:10.434 T:3011134048 WARNING: CDVDMessageQueue(player)::Put MSGQ_NOT_INITIALIZED
2021-05-09 23:32:10.456 T:3011134048  NOTICE: CVideoPlayer::CloseFile()
2021-05-09 23:32:10.456 T:3011134048  NOTICE: VideoPlayer: waiting for threads to exit
2021-05-09 23:32:10.456 T:3011134048  NOTICE: VideoPlayer: finished waiting
2021-05-09 23:32:12.104 T:3011134048   ERROR: CCurlFile::Stat - Failed: HTTP response code said error(22) for http://vod.trovo.live/6ae21848vodger1301120758/7bd58dbc5285890817661381889/playlist_eof.m3u8?t=6098a92f&us=Chxac1hPNGh3S2RaNmtiM3BYOUVsdHRCd096Q0k9EiQzMjllNDdjOS1mMDFiLTQ4YTAtYjE1MS1jY2QzMmNiZjRjMjkaImx0di0xMDAzNzk2NDNfMTAwMzc5NjQzXzE2MTk5ODM1NzEgz6nhhAY4iCdCDDE4NS41MC4xNS4zN0ooVm9kUmVhZGVyU2VydmljZV9HZXRDaGFubmVsTHR2VmlkZW9JbmZvc1AEYAM&sign=4f28c64546b89488bb2cd2b11dd8ea01
2021-05-09 23:32:12.125 T:3011134048  NOTICE: VideoPlayer::OpenFile: http://vod.trovo.live/6ae21848vodger1301120758/7bd58dbc5285890817661381889/playlist_eof.m3u8?t=6098a92f&us=Chxac1hPNGh3S2RaNmtiM3BYOUVsdHRCd096Q0k9EiQzMjllNDdjOS1mMDFiLTQ4YTAtYjE1MS1jY2QzMmNiZjRjMjkaImx0di0xMDAzNzk2NDNfMTAwMzc5NjQzXzE2MTk5ODM1NzEgz6nhhAY4iCdCDDE4NS41MC4xNS4zN0ooVm9kUmVhZGVyU2VydmljZV9HZXRDaGFubmVsTHR2VmlkZW9JbmZvc1AEYAM&sign=4f28c64546b89488bb2cd2b11dd8ea01
2021-05-09 23:32:12.564 T:3011134048   ERROR: CCurlFile::Stat - Failed: HTTP response code said error(22) for http://vod.trovo.live/6ae21848vodger1301120758/7bd58dbc5285890817661381889/playlist_eof.m3u8?t=6098a92f&us=Chxac1hPNGh3S2RaNmtiM3BYOUVsdHRCd096Q0k9EiQzMjllNDdjOS1mMDFiLTQ4YTAtYjE1MS1jY2QzMmNiZjRjMjkaImx0di0xMDAzNzk2NDNfMTAwMzc5NjQzXzE2MTk5ODM1NzEgz6nhhAY4iCdCDDE4NS41MC4xNS4zN0ooVm9kUmVhZGVyU2VydmljZV9HZXRDaGFubmVsTHR2VmlkZW9JbmZvc1AEYAM&sign=4f28c64546b89488bb2cd2b11dd8ea01
2021-05-09 23:32:12.566 T:2707620720  NOTICE: Creating InputStream
2021-05-09 23:32:12.906 T:2707620720   ERROR: CCurlFile::FillBuffer - Failed: HTTP returned error 403
2021-05-09 23:32:12.906 T:2707620720   ERROR: CCurlFile::Open failed with code 403 for http://vod.trovo.live/6ae21848vodger1301120758/7bd58dbc5285890817661381889/playlist_eof.m3u8?t=6098a92f&us=Chxac1hPNGh3S2RaNmtiM3BYOUVsdHRCd096Q0k9EiQzMjllNDdjOS1mMDFiLTQ4YTAtYjE1MS1jY2QzMmNiZjRjMjkaImx0di0xMDAzNzk2NDNfMTAwMzc5NjQzXzE2MTk5ODM1NzEgz6nhhAY4iCdCDDE4NS41MC4xNS4zN0ooVm9kUmVhZGVyU2VydmljZV9HZXRDaGFubmVsTHR2VmlkZW9JbmZvc1AEYAM&sign=4f28c64546b89488bb2cd2b11dd8ea01:
2021-05-09 23:32:12.907 T:2707620720  NOTICE: Creating Demuxer
2021-05-09 23:32:13.120 T:2707620720   ERROR: OpenDemuxStream - Error creating demuxer
2021-05-09 23:32:13.120 T:2707620720  NOTICE: CVideoPlayer::OnExit()
2021-05-09 23:32:13.140 T:3011134048  NOTICE: CVideoPlayer::CloseFile()
2021-05-09 23:32:13.141 T:3011134048  NOTICE: VideoPlayer: waiting for threads to exit
2021-05-09 23:32:13.141 T:3011134048  NOTICE: VideoPlayer: finished waiting
